{
  "RSpec": {
    "coverage": {
      "/app/app/models/administrator.rb": {
        "lines": [
          1,
          1,
          null,
          null,
          1,
          1,
          1,
          null,
          1,
          null
        ]
      },
      "/app/app/models/application_record.rb": {
        "lines": [
          1,
          1,
          null
        ]
      },
      "/app/app/helpers/application_helper.rb": {
        "lines": [
          1,
          null
        ]
      },
      "/app/app/helpers/companies_helper.rb": {
        "lines": [
          1,
          null
        ]
      },
      "/app/app/helpers/invites_helper.rb": {
        "lines": [
          1,
          null
        ]
      },
      "/app/app/cases/associate_invites_for_company.rb": {
        "lines": [
          1,
          1,
          3,
          3,
          null,
          null,
          1,
          3,
          6,
          1,
          null,
          null,
          null,
          3,
          6,
          6,
          null,
          null,
          null
        ]
      },
      "/app/app/cases/associate_invites.rb": {
        "lines": [
          1,
          1,
          3,
          3,
          null,
          null,
          1,
          3,
          null,
          2,
          3,
          1,
          null,
          1,
          null,
          null,
          null,
          null,
          null,
          null,
          null,
          null
        ]
      },
      "/app/app/cases/create_company.rb": {
        "lines": [
          1,
          1,
          2,
          null,
          null,
          1,
          2,
          null,
          2,
          1,
          null,
          null,
          null,
          null,
          null
        ]
      },
      "/app/app/cases/create_invite.rb": {
        "lines": [
          1,
          1,
          2,
          null,
          null,
          1,
          2,
          null,
          null
        ]
      },
      "/app/app/cases/delete_invite.rb": {
        "lines": [
          1,
          1,
          2,
          null,
          null,
          1,
          2,
          null,
          2,
          1,
          1,
          1,
          null,
          1,
          null,
          null,
          null
        ]
      },
      "/app/app/cases/destroy_administrator.rb": {
        "lines": [
          1,
          1,
          2,
          null,
          null,
          1,
          2,
          1,
          null,
          1,
          null,
          null,
          null
        ]
      },
      "/app/app/cases/destroy_company.rb": {
        "lines": [
          1,
          1,
          2,
          null,
          null,
          1,
          2,
          null,
          null
        ]
      },
      "/app/app/cases/destroy_invite.rb": {
        "lines": [
          1,
          1,
          2,
          null,
          null,
          1,
          2,
          null,
          null
        ]
      },
      "/app/app/cases/filter_administrator_invites.rb": {
        "lines": [
          1,
          1,
          3,
          3,
          null,
          null,
          1,
          3,
          null,
          null,
          null,
          3,
          null,
          null
        ]
      },
      "/app/app/cases/filter_invites.rb": {
        "lines": [
          1,
          1,
          8,
          8,
          null,
          null,
          1,
          8,
          8,
          8,
          8,
          null,
          null,
          1,
          null,
          1,
          8,
          null,
          1,
          null,
          null,
          1,
          8,
          null,
          1,
          null,
          null,
          1,
          8,
          1,
          7,
          1,
          6,
          1,
          null,
          null,
          null
        ]
      },
      "/app/app/cases/list_administrators.rb": {
        "lines": [
          1,
          1,
          2,
          null,
          null
        ]
      },
      "/app/app/cases/list_invites.rb": {
        "lines": [
          1,
          1,
          2,
          null,
          null,
          1,
          2,
          null,
          null
        ]
      },
      "/app/app/cases/relate_invites_for_company.rb": {
        "lines": [
          1,
          1,
          3,
          null,
          null,
          1,
          3,
          null,
          null,
          3,
          null,
          null,
          3,
          null,
          null
        ]
      },
      "/app/app/cases/relate_invites.rb": {
        "lines": [
          1,
          1,
          3,
          null,
          null,
          1,
          3,
          null,
          null,
          null,
          null,
          null,
          null,
          null,
          null
        ]
      },
      "/app/app/cases/update_administrator.rb": {
        "lines": [
          1,
          1,
          2,
          2,
          null,
          null,
          1,
          2,
          1,
          null,
          1,
          null,
          null,
          null
        ]
      },
      "/app/app/cases/update_company.rb": {
        "lines": [
          1,
          1,
          2,
          2,
          null,
          null,
          1,
          2,
          1,
          null,
          null,
          null,
          null,
          null
        ]
      },
      "/app/app/cases/update_invite.rb": {
        "lines": [
          1,
          1,
          2,
          2,
          null,
          null,
          1,
          2,
          null,
          null
        ]
      },
      "/app/app/models/administrator_company_invite.rb": {
        "lines": [
          1,
          1,
          1,
          1,
          null
        ]
      },
      "/app/app/models/company_invite.rb": {
        "lines": [
          1,
          1,
          1,
          1,
          1,
          null
        ]
      },
      "/app/app/models/company.rb": {
        "lines": [
          1,
          1,
          1,
          1,
          1,
          1,
          null,
          1,
          null
        ]
      },
      "/app/app/models/invite.rb": {
        "lines": [
          1,
          1,
          1,
          1,
          1,
          1,
          null,
          1,
          null
        ]
      },
      "/app/app/controllers/administrator_company_invites_controller.rb": {
        "lines": [
          0,
          0,
          0,
          null,
          0,
          0,
          0,
          0,
          0,
          0,
          0
        ],
        "branches": {}
      },
      "/app/app/controllers/administrators_controller.rb": {
        "lines": [
          0,
          0,
          0,
          0,
          null,
          0,
          0,
          0,
          null,
          0,
          0,
          null,
          0,
          0,
          null,
          0,
          0,
          0,
          0,
          0,
          0,
          0,
          null,
          0,
          0,
          null,
          0,
          0,
          0,
          0,
          0,
          0,
          null,
          0,
          0,
          0,
          null,
          0,
          0,
          0,
          0,
          0,
          null,
          0,
          0,
          0,
          0,
          null,
          0,
          null,
          0,
          0,
          0,
          null,
          0,
          0,
          0,
          null,
          0,
          0,
          0,
          0
        ],
        "branches": {}
      },
      "/app/app/controllers/application_controller.rb": {
        "lines": [
          0,
          null,
          0
        ],
        "branches": {}
      },
      "/app/app/controllers/companies_controller.rb": {
        "lines": [
          null,
          null,
          0,
          0,
          0,
          null,
          0,
          0,
          0,
          null,
          0,
          0,
          null,
          0,
          0,
          0,
          null,
          0,
          0,
          null,
          0,
          0,
          null,
          0,
          0,
          0,
          0,
          0,
          0,
          0,
          0,
          0,
          0,
          null,
          0,
          0,
          null,
          0,
          0,
          0,
          0,
          0,
          0,
          0,
          0,
          0,
          0,
          null,
          0,
          0,
          null,
          0,
          0,
          0,
          0,
          0,
          null,
          0,
          0,
          0,
          null,
          0,
          0,
          0,
          0,
          0,
          null,
          0,
          null,
          0,
          0,
          0,
          null,
          0,
          0,
          0,
          0
        ],
        "branches": {}
      },
      "/app/app/controllers/invites_controller.rb": {
        "lines": [
          0,
          0,
          0,
          null,
          0,
          0,
          0,
          null,
          0,
          0,
          null,
          0,
          0,
          0,
          null,
          0,
          0,
          null,
          0,
          0,
          null,
          0,
          0,
          0,
          0,
          0,
          0,
          0,
          0,
          0,
          0,
          null,
          0,
          0,
          0,
          0,
          0,
          0,
          0,
          null,
          0,
          0,
          null,
          0,
          0,
          0,
          0,
          0,
          null,
          0,
          null,
          0,
          0,
          0,
          null,
          0,
          0,
          0,
          0
        ],
        "branches": {}
      }
    },
    "timestamp": 1737914400
  }
}
